<?xml version="1.0" encoding="UTF-8"?>
<testsuite name="com.example.productivity.ProductivityApplicationTests" tests="1" skipped="0" failures="0" errors="0" timestamp="2024-12-09T11:44:49" hostname="MASTUDENT-Johannes-Allen-C17G44KFQ6L4.local" time="0.335">
  <properties/>
  <testcase name="contextLoads()" classname="com.example.productivity.ProductivityApplicationTests" time="0.335"/>
  <system-out><![CDATA[11:44:46.543 [Test worker] INFO org.springframework.test.context.support.AnnotationConfigContextLoaderUtils -- Could not detect default configuration classes for test class [com.example.productivity.ProductivityApplicationTests]: ProductivityApplicationTests does not declare any static, non-private, non-final, nested classes annotated with @Configuration.
11:44:46.587 [Test worker] INFO org.springframework.boot.test.context.SpringBootTestContextBootstrapper -- Found @SpringBootConfiguration com.example.productivity.ProductivityApplication for test class com.example.productivity.ProductivityApplicationTests

  .   ____          _            __ _ _
 /\\ / ___'_ __ _ _(_)_ __  __ _ \ \ \ \
( ( )\___ | '_ | '_| | '_ \/ _` | \ \ \ \
 \\/  ___)| |_)| | | | | || (_| |  ) ) ) )
  '  |____| .__|_| |_|_| |_\__, | / / / /
 =========|_|==============|___/=/_/_/_/

 :: Spring Boot ::                (v3.4.0)

2024-12-09T11:44:47.371Z  INFO 16710 --- [productivity] [    Test worker] c.e.p.ProductivityApplicationTests       : Starting ProductivityApplicationTests using Java 21.0.5 with PID 16710 (started by johannes in /Users/johannes/Projects/final-project/java)
2024-12-09T11:44:47.372Z  INFO 16710 --- [productivity] [    Test worker] c.e.p.ProductivityApplicationTests       : No active profile set, falling back to 1 default profile: "default"
2024-12-09T11:44:47.734Z  INFO 16710 --- [productivity] [    Test worker] .s.d.r.c.RepositoryConfigurationDelegate : Bootstrapping Spring Data JPA repositories in DEFAULT mode.
2024-12-09T11:44:47.744Z  INFO 16710 --- [productivity] [    Test worker] .s.d.r.c.RepositoryConfigurationDelegate : Finished Spring Data repository scanning in 5 ms. Found 0 JPA repository interfaces.
2024-12-09T11:44:48.001Z  INFO 16710 --- [productivity] [    Test worker] com.zaxxer.hikari.HikariDataSource       : HikariPool-1 - Starting...
2024-12-09T11:44:48.051Z  INFO 16710 --- [productivity] [    Test worker] com.zaxxer.hikari.pool.HikariPool        : HikariPool-1 - Added connection org.postgresql.jdbc.PgConnection@32c6d164
2024-12-09T11:44:48.052Z  INFO 16710 --- [productivity] [    Test worker] com.zaxxer.hikari.HikariDataSource       : HikariPool-1 - Start completed.
2024-12-09T11:44:48.064Z  INFO 16710 --- [productivity] [    Test worker] org.flywaydb.core.FlywayExecutor         : Database: jdbc:postgresql://localhost:5432/productivity_dev_db (PostgreSQL 15.8)
2024-12-09T11:44:48.085Z  INFO 16710 --- [productivity] [    Test worker] o.f.core.internal.command.DbValidate     : Successfully validated 0 migrations (execution time 00:00.008s)
2024-12-09T11:44:48.086Z  WARN 16710 --- [productivity] [    Test worker] o.f.core.internal.command.DbValidate     : No migrations found. Are your locations set up correctly?
2024-12-09T11:44:48.101Z  INFO 16710 --- [productivity] [    Test worker] o.f.core.internal.command.DbMigrate      : Current version of schema "public": << Empty Schema >>
2024-12-09T11:44:48.102Z  INFO 16710 --- [productivity] [    Test worker] o.f.core.internal.command.DbMigrate      : Schema "public" is up to date. No migration necessary.
2024-12-09T11:44:48.149Z  INFO 16710 --- [productivity] [    Test worker] o.hibernate.jpa.internal.util.LogHelper  : HHH000204: Processing PersistenceUnitInfo [name: default]
2024-12-09T11:44:48.170Z  INFO 16710 --- [productivity] [    Test worker] org.hibernate.Version                    : HHH000412: Hibernate ORM core version 6.6.2.Final
2024-12-09T11:44:48.182Z  INFO 16710 --- [productivity] [    Test worker] o.h.c.internal.RegionFactoryInitiator    : HHH000026: Second-level cache disabled
2024-12-09T11:44:48.304Z  INFO 16710 --- [productivity] [    Test worker] o.s.o.j.p.SpringPersistenceUnitInfo      : No LoadTimeWeaver setup: ignoring JPA class transformer
2024-12-09T11:44:48.343Z  INFO 16710 --- [productivity] [    Test worker] org.hibernate.orm.connections.pooling    : HHH10001005: Database info:
	Database JDBC URL [Connecting through datasource 'HikariDataSource (HikariPool-1)']
	Database driver: undefined/unknown
	Database version: 15.8
	Autocommit mode: undefined/unknown
	Isolation level: undefined/unknown
	Minimum pool size: undefined/unknown
	Maximum pool size: undefined/unknown
2024-12-09T11:44:48.483Z  INFO 16710 --- [productivity] [    Test worker] o.h.e.t.j.p.i.JtaPlatformInitiator       : HHH000489: No JTA platform available (set 'hibernate.transaction.jta.platform' to enable JTA platform integration)
2024-12-09T11:44:48.485Z  INFO 16710 --- [productivity] [    Test worker] j.LocalContainerEntityManagerFactoryBean : Initialized JPA EntityManagerFactory for persistence unit 'default'
2024-12-09T11:44:48.592Z  WARN 16710 --- [productivity] [    Test worker] JpaBaseConfiguration$JpaWebConfiguration : spring.jpa.open-in-view is enabled by default. Therefore, database queries may be performed during view rendering. Explicitly configure spring.jpa.open-in-view to disable this warning
2024-12-09T11:44:48.819Z  WARN 16710 --- [productivity] [    Test worker] ion$DefaultTemplateResolverConfiguration : Cannot find template location: classpath:/templates/ (please add some templates, check your Thymeleaf configuration, or set spring.thymeleaf.check-template-location=false)
2024-12-09T11:44:49.049Z  INFO 16710 --- [productivity] [    Test worker] c.e.p.ProductivityApplicationTests       : Started ProductivityApplicationTests in 2.4 seconds (process running for 2.898)
]]></system-out>
  <system-err><![CDATA[Mockito is currently self-attaching to enable the inline-mock-maker. This will no longer work in future releases of the JDK. Please add Mockito as an agent to your build what is described in Mockito's documentation: https://javadoc.io/doc/org.mockito/mockito-core/latest/org/mockito/Mockito.html#0.3
WARNING: A Java agent has been loaded dynamically (/Users/johannes/.gradle/caches/modules-2/files-2.1/net.bytebuddy/byte-buddy-agent/1.15.10/e8eb255b2c378b9a6c7341e7b0e12f0a5636377/byte-buddy-agent-1.15.10.jar)
WARNING: If a serviceability tool is in use, please run with -XX:+EnableDynamicAgentLoading to hide this warning
WARNING: If a serviceability tool is not in use, please run with -Djdk.instrument.traceUsage for more information
WARNING: Dynamic loading of agents will be disallowed by default in a future release
]]></system-err>
</testsuite>
